<?xml version="1.0" encoding="UTF-8" ?>
<testsuites>
  <testsuite errors="1" failures="0" hostname="LAPTOP-7OFFTBLN" id="0" name="SeleniumCITest" package="com.ontestautomation.selenium.ci" skipped="0" tests="1" time="0.135" timestamp="2018-03-31T18:31:24">
      <properties>
[...]
</properties>

      <testcase classname="com.ontestautomation.selenium.ci.SeleniumCITest" name="initializationError" time="0.005">
          <error message="No runnable methods" type="java.lang.Exception">java.lang.Exception: No runnable methods
	at java.lang.reflect.Constructor.newInstance(Constructor.java:423)
</error>

      </testcase>

      <system-out><![CDATA[]]></system-out>

      <system-err><![CDATA[]]></system-err>

  </testsuite>
</testsuites>
