<?xml version="1.0" encoding="UTF-8" ?>
<testsuite errors="0" failures="1" hostname="LAPTOP-7OFFTBLN" name="com.ontestautomation.selenium.ci.SeleniumCITest" skipped="0" tests="1" time="6.827" timestamp="2018-03-31T18:49:32">
  <properties>
[...]
</properties>
  <testcase classname="com.ontestautomation.selenium.ci.SeleniumCITest" name="successfulLoginLogout" time="0.605">
    <failure message="expected:&lt;[]&gt; but was:&lt;[ParaBank | Welcome | Online Banking]&gt;" type="junit.framework.AssertionFailedError">junit.framework.AssertionFailedError: expected:&lt;[]&gt; but was:&lt;[ParaBank | Welcome | Online Banking]&gt;
	at com.ontestautomation.selenium.ci.SeleniumCITest.successfulLoginLogout(SeleniumCITest.java:27)
</failure>
  </testcase>
  <system-out><![CDATA[]]></system-out>
  <system-err><![CDATA[1522522172924	geckodriver	INFO	geckodriver 0.20.0
1522522172936	geckodriver	INFO	Listening on 127.0.0.1:6696
1522522173963	mozrunner::runner	INFO	Running command: "C:\\Program Files\\Mozilla Firefox\\firefox.exe" "-marionette" "-profile" "C:\\Users\\PRELOA~1\\AppData\\Local\\Temp\\rust_mozprofile.fiRd4DiNphSQ"
Unable to read VR Path Registry from C:\Users\Preload PC\AppData\Local\openvr\openvrpaths.vrpath
1522522174592	Marionette	INFO	Enabled via --marionette
Unable to read VR Path Registry from C:\Users\Preload PC\AppData\Local\openvr\openvrpaths.vrpath
Unable to read VR Path Registry from C:\Users\Preload PC\AppData\Local\openvr\openvrpaths.vrpath
Unable to read VR Path Registry from C:\Users\Preload PC\AppData\Local\openvr\openvrpaths.vrpath
Unable to read VR Path Registry from C:\Users\Preload PC\AppData\Local\openvr\openvrpaths.vrpath
1522522176708	Marionette	INFO	Listening on port 56948
1522522177106	Marionette	WARN	TLS certificate errors will be ignored for this session
Mar 31, 2018 8:49:37 PM org.openqa.selenium.remote.ProtocolHandshake createSession
INFO: Detected dialect: W3C
[Child 9596, Chrome_ChildThread] WARNING: pipe error: 109: file z:/build/build/src/ipc/chromium/src/chrome/common/ipc_channel_win.cc, line 346
[Child 9596,[Parent 19400, Gecko_IOThread] WARNING: pipe error: 109: file z:/build/build/src/ipc/chromium/src/chrome/common/ipc_channel_win.cc, line 346
[Child 6372, Chrome_ChildThread] WARNING: pipe error: 109: file z:/build/build/src/ipc/chromium/src/chrome/common/ipc_channel_win.cc, line 346
[Child 6372, Chrome_ChildThread] WARNING: [Parent 19400, Gecko_IOThread] WARNING: pipe error: 109: file z:/build/build/src/ipc/chromium/src/chrome/common/ipc_channel_win.cc, line 346
[Child 13616, Chrome_ChildThread] WARNING: pipe error: 109: file z:/build/build/src/ipc/chromium/src/chrome/common/ipc_channel_win.cc, line 346
[Child 13616, Chrome_ChildThread] WARNING: pipe error: 109: file z:/build/build/src/ipc/chromium/src/chrome/common/ipc_channel_win.cc, line 346
*** UTM:SVC TimerManager:registerTimer called after profile-before-change notification. Ignoring timer registration for id: telemetry_modules_ping

###!!! [Child][MessageChannel::SendAndWait] Error: Channel error: cannot send/recv

1522522178835	geckodriver::marionette	ERROR	Failed to stop browser process
]]></system-err>
</testsuite>
