<?xml version="1.0" encoding="UTF-8"?>
<testng-results skipped="0" failed="0" ignored="0" total="1" passed="1">
  <reporter-output>
  </reporter-output>
  <suite name="Command line suite" duration-ms="3802" started-at="2018-05-12T14:44:00Z" finished-at="2018-05-12T14:44:04Z">
    <groups>
    </groups>
    <test name="Command line test" duration-ms="3802" started-at="2018-05-12T14:44:00Z" finished-at="2018-05-12T14:44:04Z">
      <class name="pega.ui.unittest.headless.UserLogin">
        <test-method status="PASS" signature="setup()[pri:0, instance:pega.ui.unittest.headless.UserLogin@27abe2cd]" name="setup" is-config="true" duration-ms="1040" started-at="2018-05-12T14:44:00Z" finished-at="2018-05-12T14:44:01Z">
          <reporter-output>
          </reporter-output>
        </test-method> <!-- setup -->
        <test-method status="PASS" signature="successfulLoginLogout()[pri:0, instance:pega.ui.unittest.headless.UserLogin@27abe2cd]" name="successfulLoginLogout" duration-ms="2738" started-at="2018-05-12T14:44:01Z" finished-at="2018-05-12T14:44:04Z">
          <reporter-output>
          </reporter-output>
        </test-method> <!-- successfulLoginLogout -->
        <test-method status="PASS" signature="teardown()[pri:0, instance:pega.ui.unittest.headless.UserLogin@27abe2cd]" name="teardown" is-config="true" duration-ms="3" started-at="2018-05-12T14:44:04Z" finished-at="2018-05-12T14:44:04Z">
          <reporter-output>
          </reporter-output>
        </test-method> <!-- teardown -->
      </class> <!-- pega.ui.unittest.headless.UserLogin -->
    </test> <!-- Command line test -->
  </suite> <!-- Command line suite -->
</testng-results>
