<?xml version="1.0" encoding="UTF-8"?>
<testng-results skipped="0" failed="0" ignored="0" total="1" passed="1">
  <reporter-output>
  </reporter-output>
  <suite name="Suite" duration-ms="7138" started-at="2018-04-02T14:02:19Z" finished-at="2018-04-02T14:02:27Z">
    <groups>
    </groups>
    <test name="Test" duration-ms="7138" started-at="2018-04-02T14:02:19Z" finished-at="2018-04-02T14:02:27Z">
      <class name="cicduitest.SITUserLogin">
        <test-method status="PASS" signature="setup()[pri:0, instance:cicduitest.SITUserLogin@2ed94a8b]" name="setup" is-config="true" duration-ms="3618" started-at="2018-04-02T14:02:19Z" finished-at="2018-04-02T14:02:23Z">
          <reporter-output>
          </reporter-output>
        </test-method> <!-- setup -->
        <test-method status="PASS" signature="successfulLoginLogout()[pri:0, instance:cicduitest.SITUserLogin@2ed94a8b]" name="successfulLoginLogout" duration-ms="2389" started-at="2018-04-02T14:02:23Z" finished-at="2018-04-02T14:02:25Z">
          <reporter-output>
          </reporter-output>
        </test-method> <!-- successfulLoginLogout -->
        <test-method status="PASS" signature="teardown()[pri:0, instance:cicduitest.SITUserLogin@2ed94a8b]" name="teardown" is-config="true" duration-ms="1108" started-at="2018-04-02T14:02:25Z" finished-at="2018-04-02T14:02:27Z">
          <reporter-output>
          </reporter-output>
        </test-method> <!-- teardown -->
      </class> <!-- cicduitest.SITUserLogin -->
    </test> <!-- Test -->
  </suite> <!-- Suite -->
</testng-results>
